<?xml version="1.0" encoding="UTF-8"?>
<testng-results ignored="0" total="3" passed="3" failed="0" skipped="0">
  <reporter-output>
  </reporter-output>
  <suite started-at="2024-03-02T20:34:42 IST" name="Default suite" finished-at="2024-03-02T20:37:08 IST" duration-ms="146129">
    <groups>
      <group name="cucumber">
        <method signature="AbstractTestNGCucumberTests.runScenario(io.cucumber.testng.PickleWrapper,io.cucumber.testng.FeatureWrapper)[pri:0, instance:testRunner.TestRunner@5884a914]" name="runScenario" class="io.cucumber.testng.AbstractTestNGCucumberTests"/>
      </group> <!-- cucumber -->
    </groups>
    <test started-at="2024-03-02T20:34:42 IST" name="Default test" finished-at="2024-03-02T20:37:08 IST" duration-ms="146129">
      <class name="testRunner.TestRunner">
        <test-method is-config="true" signature="setUpClass(org.testng.ITestContext)[pri:0, instance:testRunner.TestRunner@5884a914]" started-at="2024-03-02T20:34:42 IST" name="setUpClass" finished-at="2024-03-02T20:34:43 IST" duration-ms="613" status="PASS">
          <params>
            <param index="0">
              <value>
                <![CDATA[org.testng.TestRunner@4d5ea776]]>
              </value>
            </param>
          </params>
          <reporter-output>
          </reporter-output>
        </test-method> <!-- setUpClass -->
        <test-method signature="runScenario(io.cucumber.testng.PickleWrapper,io.cucumber.testng.FeatureWrapper)[pri:0, instance:testRunner.TestRunner@5884a914]" started-at="2024-03-02T20:34:43 IST" name="runScenario" description="Runs Cucumber Scenarios" data-provider="scenarios" finished-at="2024-03-02T20:35:31 IST" duration-ms="48916" status="PASS">
          <params>
            <param index="0">
              <value>
                <![CDATA["Car Washing Services"]]>
              </value>
            </param>
            <param index="1">
              <value>
                <![CDATA["Identify Car Washing Services"]]>
              </value>
            </param>
          </params>
          <reporter-output>
          </reporter-output>
        </test-method> <!-- runScenario -->
        <test-method signature="runScenario(io.cucumber.testng.PickleWrapper,io.cucumber.testng.FeatureWrapper)[pri:0, instance:testRunner.TestRunner@5884a914]" started-at="2024-03-02T20:35:31 IST" name="runScenario" description="Runs Cucumber Scenarios" data-provider="scenarios" finished-at="2024-03-02T20:35:50 IST" duration-ms="18559" status="PASS">
          <params>
            <param index="0">
              <value>
                <![CDATA["FreeListing"]]>
              </value>
            </param>
            <param index="1">
              <value>
                <![CDATA["User Open FreeListing"]]>
              </value>
            </param>
          </params>
          <reporter-output>
          </reporter-output>
        </test-method> <!-- runScenario -->
        <test-method signature="runScenario(io.cucumber.testng.PickleWrapper,io.cucumber.testng.FeatureWrapper)[pri:0, instance:testRunner.TestRunner@5884a914]" started-at="2024-03-02T20:35:50 IST" name="runScenario" description="Runs Cucumber Scenarios" data-provider="scenarios" finished-at="2024-03-02T20:37:05 IST" duration-ms="75067" status="PASS">
          <params>
            <param index="0">
              <value>
                <![CDATA["Gym sub-Menu items"]]>
              </value>
            </param>
            <param index="1">
              <value>
                <![CDATA["User clicks Gym in fitness"]]>
              </value>
            </param>
          </params>
          <reporter-output>
          </reporter-output>
        </test-method> <!-- runScenario -->
        <test-method is-config="true" signature="tearDownClass()[pri:0, instance:testRunner.TestRunner@5884a914]" started-at="2024-03-02T20:37:05 IST" name="tearDownClass" finished-at="2024-03-02T20:37:08 IST" duration-ms="2940" status="PASS">
          <reporter-output>
          </reporter-output>
        </test-method> <!-- tearDownClass -->
      </class> <!-- testRunner.TestRunner -->
    </test> <!-- Default test -->
  </suite> <!-- Default suite -->
</testng-results>
